This is pdfTeX, Version 3.14159265-2.6-1.40.15 (TeX Live 2014) (preloaded format=mptopdf 2015.4.11)  23 MAY 2015 20:21
 restricted \write18 enabled.
 %&-line parsing enabled.
**\relax metauml01.1
 (./metauml01.1{/usr/local/texlive/2014/texmf-var/fonts/map/pdftex/updmap/pdfte
x.map}) [warning: the height is less than 1in] [1] 
Here is how much of TeX's memory you used:
 42 strings out of 496714
 370 string characters out of 6201117
 4018336 words of memory out of 9003543
 1694 multiletter control sequences out of 15000+600000
 1085 words of font info for 1 font, out of 8000000 for 9000
 0 hyphenation exceptions out of 8191
 10i,3n,7p,123b,236s stack positions out of 5000i,500n,10000p,200000b,80000s
{/usr/local/texlive/2014/texm
f-dist/fonts/enc/dvips/base/8r.enc}</usr/local/texlive/2014/texmf-dist/fonts/ty
pe1/urw/times/utmr8a.pfb>
Output written on metauml01.pdf (1 page, 12495 bytes).
PDF statistics:
 13 PDF objects out of 1000 (max. 8388607)
 0 named destinations out of 1000 (max. 500000)
 7 words of extra memory for PDF output out of 10000 (max. 10000000)

