mktextfm SimSun/ICU
mktextfm SimSun/ICU
mktextfm SimSun/ICU
mktextfm SimHei/ICU
mktextfm SimHei/ICU
mktextfm SimHei/I/ICU
mktextfm SimSun/ICU
mktextfm SimSun/ICU
mktextfm SimSun/ICU
mktextfm SimSun/ICU
mktextfm SimHei/ICU
mktextfm SimHei/ICU
mktextfm SimHei/I/ICU
mktextfm SimSun/ICU
mktextfm gsfs1411
mktextfm nullfont
mktextfm gsfs1426
mktextfm nullfont
mktextfm gsfs1410
mktextfm nullfont
mktextfm gsfs1425
mktextfm nullfont
mktextfm gsfs1411
mktextfm nullfont
mktextfm gsfs1406
mktextfm nullfont
mktextfm gsfs1411
mktextfm nullfont
mktextfm gsfs1426
mktextfm nullfont
mktextfm gsfs1410
mktextfm nullfont
mktextfm gsfs1405
mktextfm nullfont
mktextfm gsfs1426
mktextfm nullfont
mktextfm gsfs1410
mktextfm nullfont
mktextfm gsfs1411
mktextfm nullfont
mktextfm gsfs1426
mktextfm nullfont
mktextfm gsfs1410
mktextfm nullfont
mktextfm gsfs1425
mktextfm nullfont
mktextfm gsfs1411
mktextfm nullfont
mktextfm gsfs1406
mktextfm nullfont
mktextfm gsfs1411
mktextfm nullfont
mktextfm gsfs1426
mktextfm nullfont
mktextfm gsfs1410
mktextfm nullfont
mktextfm gsfs1405
mktextfm nullfont
mktextfm gsfs1426
mktextfm nullfont
mktextfm gsfs1410
mktextfm nullfont
