\BOOKMARK [-1][-]{part.1}{第I部分 Gnu/Linux基础知识篇}{}% 1
\BOOKMARK [0][-]{chapter.1}{关于本书}{part.1}% 2
\BOOKMARK [1][-]{section.1.1}{Gnu计划}{chapter.1}% 3
\BOOKMARK [2][-]{subsection.1.1.1}{图片欣赏}{section.1.1}% 4
\BOOKMARK [1][-]{section.1.2}{本书使用的操作系统}{chapter.1}% 5
\BOOKMARK [0][-]{chapter.2}{常用命令使用}{part.1}% 6
\BOOKMARK [1][-]{section.2.1}{命令行下的快捷键}{chapter.2}% 7
\BOOKMARK [2][-]{subsection.2.1.1}{常用快捷键介绍}{section.2.1}% 8
\BOOKMARK [1][-]{section.2.2}{使用man page获得帮助}{chapter.2}% 9
\BOOKMARK [1][-]{section.2.3}{echo与终端颜色}{chapter.2}% 10
\BOOKMARK [2][-]{subsection.2.3.1}{终端颜色}{section.2.3}% 11
\BOOKMARK [1][-]{section.2.4}{date命令的使用}{chapter.2}% 12
\BOOKMARK [1][-]{section.2.5}{yum命令的使用}{chapter.2}% 13
\BOOKMARK [1][-]{section.2.6}{zypper命令的使用}{chapter.2}% 14
\BOOKMARK [2][-]{subsection.2.6.1}{zypper本地源的配置}{section.2.6}% 15
\BOOKMARK [2][-]{subsection.2.6.2}{zypper命令选项介绍}{section.2.6}% 16
\BOOKMARK [1][-]{section.2.7}{parted命令的使用}{chapter.2}% 17
\BOOKMARK [1][-]{section.2.8}{mount命令的使用}{chapter.2}% 18
\BOOKMARK [1][-]{section.2.9}{grep命令的使用}{chapter.2}% 19
\BOOKMARK [1][-]{section.2.10}{crontab命令的使用}{chapter.2}% 20
\BOOKMARK [1][-]{section.2.11}{find命令的使用}{chapter.2}% 21
\BOOKMARK [1][-]{section.2.12}{top命令的使用}{chapter.2}% 22
\BOOKMARK [1][-]{section.2.13}{free命令的使用}{chapter.2}% 23
\BOOKMARK [1][-]{section.2.14}{xargs命令的使用}{chapter.2}% 24
\BOOKMARK [1][-]{section.2.15}{tr命令的使用}{chapter.2}% 25
\BOOKMARK [1][-]{section.2.16}{tar命令的使用}{chapter.2}% 26
\BOOKMARK [1][-]{section.2.17}{read命令的使用}{chapter.2}% 27
\BOOKMARK [1][-]{section.2.18}{cut命令的使用}{chapter.2}% 28
\BOOKMARK [1][-]{section.2.19}{sort命令的使用}{chapter.2}% 29
\BOOKMARK [1][-]{section.2.20}{less命令的使用}{chapter.2}% 30
\BOOKMARK [1][-]{section.2.21}{lsof命令的使用}{chapter.2}% 31
\BOOKMARK [2][-]{subsection.2.21.1}{恢复删除的文件}{section.2.21}% 32
\BOOKMARK [1][-]{section.2.22}{netstat命令的使用}{chapter.2}% 33
\BOOKMARK [1][-]{section.2.23}{tcpdump命令的使用}{chapter.2}% 34
\BOOKMARK [1][-]{section.2.24}{traceroute命令的使用}{chapter.2}% 35
\BOOKMARK [1][-]{section.2.25}{wget命令的使用}{chapter.2}% 36
\BOOKMARK [1][-]{section.2.26}{screen命令的使用}{chapter.2}% 37
\BOOKMARK [2][-]{subsection.2.26.1}{screen常用参数}{section.2.26}% 38
\BOOKMARK [2][-]{subsection.2.26.2}{使用screen}{section.2.26}% 39
\BOOKMARK [1][-]{section.2.27}{iptables的使用}{chapter.2}% 40
\BOOKMARK [1][-]{section.2.28}{qperf命令的使用}{chapter.2}% 41
\BOOKMARK [2][-]{subsection.2.28.1}{参数说明及示例}{section.2.28}% 42
\BOOKMARK [1][-]{section.2.29}{iperf命令的使用}{chapter.2}% 43
\BOOKMARK [2][-]{subsection.2.29.1}{参数说明及示例}{section.2.29}% 44
\BOOKMARK [1][-]{section.2.30}{vmstat命令的使用}{chapter.2}% 45
\BOOKMARK [1][-]{section.2.31}{iostat命令的使用}{chapter.2}% 46
\BOOKMARK [1][-]{section.2.32}{sar命令的使用}{chapter.2}% 47
\BOOKMARK [0][-]{chapter.3}{vim编辑器}{part.1}% 48
\BOOKMARK [1][-]{section.3.1}{vim的几种模式}{chapter.3}% 49
\BOOKMARK [2][-]{subsection.3.1.1}{输入模式}{section.3.1}% 50
\BOOKMARK [2][-]{subsection.3.1.2}{命令模式}{section.3.1}% 51
\BOOKMARK [2][-]{subsection.3.1.3}{vim的其他一些指令}{section.3.1}% 52
\BOOKMARK [1][-]{section.3.2}{vim的一些小技巧}{chapter.3}% 53
\BOOKMARK [1][-]{section.3.3}{vim复制粘贴及剪切板}{chapter.3}% 54
\BOOKMARK [1][-]{section.3.4}{vim配置文件}{chapter.3}% 55
\BOOKMARK [0][-]{chapter.4}{正则表达式}{part.1}% 56
\BOOKMARK [1][-]{section.4.1}{正则表达式语法}{chapter.4}% 57
\BOOKMARK [1][-]{section.4.2}{一些实例}{chapter.4}% 58
\BOOKMARK [0][-]{chapter.5}{awk}{part.1}% 59
\BOOKMARK [1][-]{section.5.1}{初步使用}{chapter.5}% 60
\BOOKMARK [1][-]{section.5.2}{awk程序结构}{chapter.5}% 61
\BOOKMARK [2][-]{subsection.5.2.1}{BEGIN与END}{section.5.2}% 62
\BOOKMARK [1][-]{section.5.3}{域和记录}{chapter.5}% 63
\BOOKMARK [1][-]{section.5.4}{内置变量}{chapter.5}% 64
\BOOKMARK [2][-]{subsection.5.4.1}{One-liners awk程序}{section.5.4}% 65
\BOOKMARK [1][-]{section.5.5}{条件和循环}{chapter.5}% 66
\BOOKMARK [2][-]{subsection.5.5.1}{if-else语句}{section.5.5}% 67
\BOOKMARK [2][-]{subsection.5.5.2}{while循环}{section.5.5}% 68
\BOOKMARK [2][-]{subsection.5.5.3}{for循环}{section.5.5}% 69
\BOOKMARK [2][-]{subsection.5.5.4}{do循环}{section.5.5}% 70
\BOOKMARK [2][-]{subsection.5.5.5}{影响流控制的语句}{section.5.5}% 71
\BOOKMARK [1][-]{section.5.6}{数组}{chapter.5}% 72
\BOOKMARK [1][-]{section.5.7}{表达式}{chapter.5}% 73
\BOOKMARK [1][-]{section.5.8}{函数}{chapter.5}% 74
\BOOKMARK [1][-]{section.5.9}{总结}{chapter.5}% 75
\BOOKMARK [0][-]{chapter.6}{sed}{part.1}% 76
\BOOKMARK [1][-]{section.6.1}{匹配}{chapter.6}% 77
\BOOKMARK [2][-]{subsection.6.1.1}{变量定义}{section.6.1}% 78
\BOOKMARK [1][-]{section.6.2}{特殊变量}{chapter.6}% 79
\BOOKMARK [1][-]{section.6.3}{数组}{chapter.6}% 80
\BOOKMARK [1][-]{section.6.4}{删除}{chapter.6}% 81
\BOOKMARK [1][-]{section.6.5}{替换}{chapter.6}% 82
\BOOKMARK [1][-]{section.6.6}{追加、插入和更改}{chapter.6}% 83
\BOOKMARK [1][-]{section.6.7}{模式空间和保留空间}{chapter.6}% 84
\BOOKMARK [1][-]{section.6.8}{流控制}{chapter.6}% 85
\BOOKMARK [1][-]{section.6.9}{地址范围}{chapter.6}% 86
\BOOKMARK [1][-]{section.6.10}{调用外部变量}{chapter.6}% 87
\BOOKMARK [1][-]{section.6.11}{总结}{chapter.6}% 88
\BOOKMARK [0][-]{chapter.7}{Bash脚本}{part.1}% 89
\BOOKMARK [1][-]{section.7.1}{语法介绍}{chapter.7}% 90
\BOOKMARK [2][-]{subsection.7.1.1}{变量定义}{section.7.1}% 91
\BOOKMARK [2][-]{subsection.7.1.2}{特殊变量}{section.7.1}% 92
\BOOKMARK [2][-]{subsection.7.1.3}{变量赋值和替换}{section.7.1}% 93
\BOOKMARK [2][-]{subsection.7.1.4}{本地变量与全局变量}{section.7.1}% 94
\BOOKMARK [2][-]{subsection.7.1.5}{引用变量}{section.7.1}% 95
\BOOKMARK [2][-]{subsection.7.1.6}{数组}{section.7.1}% 96
\BOOKMARK [2][-]{subsection.7.1.7}{特殊字符}{section.7.1}% 97
\BOOKMARK [1][-]{section.7.2}{基本流程}{chapter.7}% 98
\BOOKMARK [2][-]{subsection.7.2.1}{if结构}{section.7.2}% 99
\BOOKMARK [2][-]{subsection.7.2.2}{for结构}{section.7.2}% 100
\BOOKMARK [2][-]{subsection.7.2.3}{while结构}{section.7.2}% 101
\BOOKMARK [1][-]{section.7.3}{操作字符串}{chapter.7}% 102
\BOOKMARK [1][-]{section.7.4}{函数}{chapter.7}% 103
\BOOKMARK [1][-]{section.7.5}{信号捕捉}{chapter.7}% 104
\BOOKMARK [1][-]{section.7.6}{开机脚本启动顺序}{chapter.7}% 105
\BOOKMARK [1][-]{section.7.7}{一个实例}{chapter.7}% 106
\BOOKMARK [0][-]{chapter.8}{Makefile文件}{part.1}% 107
\BOOKMARK [1][-]{section.8.1}{定义和概述}{chapter.8}% 108
\BOOKMARK [1][-]{section.8.2}{自动化编译}{chapter.8}% 109
\BOOKMARK [1][-]{section.8.3}{主要功能}{chapter.8}% 110
\BOOKMARK [2][-]{subsection.8.3.1}{make命令}{section.8.3}% 111
\BOOKMARK [2][-]{subsection.8.3.2}{Makefile的规则}{section.8.3}% 112
\BOOKMARK [2][-]{subsection.8.3.3}{文件定义与命令}{section.8.3}% 113
\BOOKMARK [2][-]{subsection.8.3.4}{有效的宏引用}{section.8.3}% 114
\BOOKMARK [2][-]{subsection.8.3.5}{预定义变量}{section.8.3}% 115
\BOOKMARK [1][-]{section.8.4}{给个实例看看}{chapter.8}% 116
\BOOKMARK [0][-]{chapter.9}{git}{part.1}% 117
\BOOKMARK [1][-]{section.9.1}{git简介}{chapter.9}% 118
\BOOKMARK [1][-]{section.9.2}{安装git}{chapter.9}% 119
\BOOKMARK [1][-]{section.9.3}{创建版本库}{chapter.9}% 120
\BOOKMARK [1][-]{section.9.4}{本地仓库}{chapter.9}% 121
\BOOKMARK [2][-]{subsection.9.4.1}{版本回退}{section.9.4}% 122
\BOOKMARK [2][-]{subsection.9.4.2}{工作区和暂存区}{section.9.4}% 123
\BOOKMARK [2][-]{subsection.9.4.3}{管理修改}{section.9.4}% 124
\BOOKMARK [2][-]{subsection.9.4.4}{撤销修改}{section.9.4}% 125
\BOOKMARK [2][-]{subsection.9.4.5}{删除文件}{section.9.4}% 126
\BOOKMARK [1][-]{section.9.5}{远程仓库}{chapter.9}% 127
\BOOKMARK [2][-]{subsection.9.5.1}{添加远程库}{section.9.5}% 128
\BOOKMARK [2][-]{subsection.9.5.2}{克隆远程库}{section.9.5}% 129
\BOOKMARK [1][-]{section.9.6}{分支管理}{chapter.9}% 130
\BOOKMARK [2][-]{subsection.9.6.1}{创建与合并分支}{section.9.6}% 131
\BOOKMARK [2][-]{subsection.9.6.2}{解决冲突}{section.9.6}% 132
\BOOKMARK [2][-]{subsection.9.6.3}{分支管理策略}{section.9.6}% 133
\BOOKMARK [2][-]{subsection.9.6.4}{Bug分支}{section.9.6}% 134
\BOOKMARK [2][-]{subsection.9.6.5}{Feature分支}{section.9.6}% 135
\BOOKMARK [2][-]{subsection.9.6.6}{多人协作}{section.9.6}% 136
\BOOKMARK [1][-]{section.9.7}{标签管理}{chapter.9}% 137
\BOOKMARK [2][-]{subsection.9.7.1}{创建标签}{section.9.7}% 138
\BOOKMARK [2][-]{subsection.9.7.2}{操作标签}{section.9.7}% 139
\BOOKMARK [1][-]{section.9.8}{使用GitHub}{chapter.9}% 140
\BOOKMARK [1][-]{section.9.9}{自定义Git}{chapter.9}% 141
\BOOKMARK [2][-]{subsection.9.9.1}{忽略特殊文件}{section.9.9}% 142
\BOOKMARK [2][-]{subsection.9.9.2}{配置别名}{section.9.9}% 143
\BOOKMARK [2][-]{subsection.9.9.3}{搭建Git服务器}{section.9.9}% 144
\BOOKMARK [-1][-]{part.2}{第II部分 数据库篇}{}% 145
\BOOKMARK [0][-]{chapter.10}{MySQL数据库基本知识}{part.2}% 146
\BOOKMARK [1][-]{section.10.1}{存储设备配置}{chapter.10}% 147
\BOOKMARK [2][-]{subsection.10.1.1}{构建文件系统}{section.10.1}% 148
\BOOKMARK [2][-]{subsection.10.1.2}{挂载文件系统}{section.10.1}% 149
\BOOKMARK [1][-]{section.10.2}{安装MySQL}{chapter.10}% 150
\BOOKMARK [2][-]{subsection.10.2.1}{创建MySQL用户}{section.10.2}% 151
\BOOKMARK [2][-]{subsection.10.2.2}{安装MySQL}{section.10.2}% 152
\BOOKMARK [1][-]{section.10.3}{操作系统配置}{chapter.10}% 153
\BOOKMARK [2][-]{subsection.10.3.1}{进程文件数配置}{section.10.3}% 154
\BOOKMARK [2][-]{subsection.10.3.2}{sysctl配置}{section.10.3}% 155
\BOOKMARK [2][-]{subsection.10.3.3}{cgroup配置}{section.10.3}% 156
\BOOKMARK [2][-]{subsection.10.3.4}{cgrule配置}{section.10.3}% 157
\BOOKMARK [1][-]{section.10.4}{MySQL配置}{chapter.10}% 158
\BOOKMARK [2][-]{subsection.10.4.1}{程序文件和目录配置}{section.10.4}% 159
\BOOKMARK [2][-]{subsection.10.4.2}{多实例配置}{section.10.4}% 160
\BOOKMARK [1][-]{section.10.5}{数据库日常管理}{chapter.10}% 161
\BOOKMARK [2][-]{subsection.10.5.1}{实例切换}{section.10.5}% 162
\BOOKMARK [2][-]{subsection.10.5.2}{MySQL启动}{section.10.5}% 163
\BOOKMARK [2][-]{subsection.10.5.3}{MySQL关闭}{section.10.5}% 164
\BOOKMARK [1][-]{section.10.6}{如何进入MySQL数据库}{chapter.10}% 165
\BOOKMARK [1][-]{section.10.7}{如何建库建表}{chapter.10}% 166
\BOOKMARK [1][-]{section.10.8}{简单sql语句的使用}{chapter.10}% 167
\BOOKMARK [2][-]{subsection.10.8.1}{create语句的使用}{section.10.8}% 168
\BOOKMARK [2][-]{subsection.10.8.2}{insert语句的使用}{section.10.8}% 169
\BOOKMARK [2][-]{subsection.10.8.3}{select语句的使用}{section.10.8}% 170
\BOOKMARK [2][-]{subsection.10.8.4}{update语句的使用}{section.10.8}% 171
\BOOKMARK [1][-]{section.10.9}{数据库文件的备份}{chapter.10}% 172
\BOOKMARK [2][-]{subsection.10.9.1}{数据库文件的导出}{section.10.9}% 173
\BOOKMARK [2][-]{subsection.10.9.2}{数据库文件的导入}{section.10.9}% 174
\BOOKMARK [1][-]{section.10.10}{常用命令总结}{chapter.10}% 175
\BOOKMARK [0][-]{chapter.11}{MySQL复制}{part.2}% 176
\BOOKMARK [1][-]{section.11.1}{复制如何工作}{chapter.11}% 177
\BOOKMARK [1][-]{section.11.2}{MySQL复制原理}{chapter.11}% 178
\BOOKMARK [1][-]{section.11.3}{MySQL同步细节}{chapter.11}% 179
\BOOKMARK [1][-]{section.11.4}{MySQL半同步配置}{chapter.11}% 180
\BOOKMARK [0][-]{chapter.12}{MySQL+KeepAlived}{part.2}% 181
\BOOKMARK [1][-]{section.12.1}{KeepAlived介绍}{chapter.12}% 182
\BOOKMARK [1][-]{section.12.2}{测试同步}{chapter.12}% 183
\BOOKMARK [1][-]{section.12.3}{安装配置KeepAlived}{chapter.12}% 184
\BOOKMARK [1][-]{section.12.4}{启动KeepAlived}{chapter.12}% 185
\BOOKMARK [0][-]{chapter.13}{MySQL+LVS}{part.2}% 186
\BOOKMARK [-1][-]{part.3}{第III部分 基本服务篇}{}% 187
\BOOKMARK [0][-]{chapter.14}{DHCP}{part.3}% 188
\BOOKMARK [0][-]{chapter.15}{FTP}{part.3}% 189
\BOOKMARK [0][-]{chapter.16}{NFS}{part.3}% 190
\BOOKMARK [1][-]{section.16.1}{配置NFS服务器}{chapter.16}% 191
\BOOKMARK [1][-]{section.16.2}{配置NFS客户端}{chapter.16}% 192
\BOOKMARK [0][-]{chapter.17}{Kickstart}{part.3}% 193
\BOOKMARK [1][-]{section.17.1}{安装相关软件包}{chapter.17}% 194
\BOOKMARK [0][-]{chapter.18}{Samba}{part.3}% 195
\BOOKMARK [0][-]{chapter.19}{LAMP}{part.3}% 196
\BOOKMARK [1][-]{section.19.1}{安装依赖包}{chapter.19}% 197
\BOOKMARK [1][-]{section.19.2}{安装额外的包}{chapter.19}% 198
\BOOKMARK [1][-]{section.19.3}{编译安装MySQL}{chapter.19}% 199
\BOOKMARK [1][-]{section.19.4}{编译安装Apache}{chapter.19}% 200
\BOOKMARK [1][-]{section.19.5}{编译安装PHP}{chapter.19}% 201
\BOOKMARK [1][-]{section.19.6}{安装Zend加速器}{chapter.19}% 202
\BOOKMARK [1][-]{section.19.7}{整合Apache与PHP}{chapter.19}% 203
\BOOKMARK [0][-]{chapter.20}{多网卡绑定bonding}{part.3}% 204
\BOOKMARK [1][-]{section.20.1}{bonding的几种模式}{chapter.20}% 205
\BOOKMARK [1][-]{section.20.2}{RHEL下配置bonding}{chapter.20}% 206
\BOOKMARK [1][-]{section.20.3}{SuSE下配置bonding}{chapter.20}% 207
\BOOKMARK [1][-]{section.20.4}{单网卡多IP配置}{chapter.20}% 208
\BOOKMARK [0][-]{chapter.21}{LVM硬盘管理及扩容}{part.3}% 209
\BOOKMARK [0][-]{chapter.22}{使用U盘安装Gnu系统}{part.3}% 210
\BOOKMARK [1][-]{section.22.1}{准备工作}{chapter.22}% 211
\BOOKMARK [1][-]{section.22.2}{制作启动盘}{chapter.22}% 212
\BOOKMARK [1][-]{section.22.3}{开始安装Gnu/Linux}{chapter.22}% 213
\BOOKMARK [1][-]{section.22.4}{安装结束应注意的地方}{chapter.22}% 214
\BOOKMARK [0][-]{chapter.23}{RAID技术}{part.3}% 215
\BOOKMARK [1][-]{section.23.1}{RAID基础知识}{chapter.23}% 216
\BOOKMARK [2][-]{subsection.23.1.1}{RAID解决了什么问题}{section.23.1}% 217
\BOOKMARK [1][-]{section.23.2}{RAID实现方式}{chapter.23}% 218
\BOOKMARK [2][-]{subsection.23.2.1}{RAID0数据组织原理}{section.23.2}% 219
\BOOKMARK [2][-]{subsection.23.2.2}{RAID1数据组织原理}{section.23.2}% 220
\BOOKMARK [2][-]{subsection.23.2.3}{RAID10数据组织原理}{section.23.2}% 221
\BOOKMARK [2][-]{subsection.23.2.4}{RAID5数据组织原理}{section.23.2}% 222
\BOOKMARK [1][-]{section.23.3}{MegaRAID Cli工具基本使用}{chapter.23}% 223
\BOOKMARK [2][-]{subsection.23.3.1}{制作RAID}{section.23.3}% 224
\BOOKMARK [2][-]{subsection.23.3.2}{删除RAID}{section.23.3}% 225
\BOOKMARK [0][-]{chapter.24}{PCIe\040SSD}{part.3}% 226
\BOOKMARK [1][-]{section.24.1}{现有硬盘厂商}{chapter.24}% 227
\BOOKMARK [-1][-]{part.4}{第IV部分 集群方案篇}{}% 228
\BOOKMARK [0][-]{chapter.25}{集群基础知识}{part.4}% 229
\BOOKMARK [1][-]{section.25.1}{集群概述}{chapter.25}% 230
\BOOKMARK [1][-]{section.25.2}{集群类型}{chapter.25}% 231
\BOOKMARK [0][-]{chapter.26}{LVS+Keepalived负载均衡集群}{part.4}% 232
\BOOKMARK [1][-]{section.26.1}{LVS调度算法}{chapter.26}% 233
\BOOKMARK [0][-]{chapter.27}{Heartbeat高可用集群}{part.4}% 234
\BOOKMARK [1][-]{section.27.1}{安装Heartbeat}{chapter.27}% 235
\BOOKMARK [1][-]{section.27.2}{配置Heartbeat}{chapter.27}% 236
\BOOKMARK [1][-]{section.27.3}{测试}{chapter.27}% 237
\BOOKMARK [0][-]{chapter.28}{pacemaker+corosync高可用集群}{part.4}% 238
\BOOKMARK [1][-]{section.28.1}{准备工作}{chapter.28}% 239
\BOOKMARK [1][-]{section.28.2}{安装软件包}{chapter.28}% 240
\BOOKMARK [1][-]{section.28.3}{配置及启动corosync}{chapter.28}% 241
\BOOKMARK [1][-]{section.28.4}{为集群添加资源}{chapter.28}% 242
\BOOKMARK [1][-]{section.28.5}{为Web创建IP资源}{chapter.28}% 243
\BOOKMARK [1][-]{section.28.6}{高可用验证}{chapter.28}% 244
\BOOKMARK [0][-]{chapter.29}{drbd}{part.4}% 245
\BOOKMARK [1][-]{section.29.1}{Replication\040Modes}{chapter.29}% 246
\BOOKMARK [1][-]{section.29.2}{安装及配置DRBD}{chapter.29}% 247
