This is pdfTeX, Version 3.14159265-2.6-1.40.15 (TeX Live 2014) (preloaded format=mptopdf 2015.4.11)  5 JUN 2015 17:20
 restricted \write18 enabled.
 %&-line parsing enabled.
**\relax ex01.2
 (./ex01.2{/usr/local/texlive/2014/texmf-var/fonts/map/pdftex/updmap/pdftex.map
}) [warning: the height is less than 1in] [1] 
Here is how much of TeX's memory you used:
 22 strings out of 496714
 225 string characters out of 6201117
 4015251 words of memory out of 9000458
 1674 multiletter control sequences out of 15000+600000
 359 words of font info for 1 font, out of 8000000 for 9000
 0 hyphenation exceptions out of 8191
 10i,3n,7p,93b,213s stack positions out of 5000i,500n,10000p,200000b,80000s
</usr/local/texlive/2014/texmf-dis
t/fonts/type1/public/amsfonts/cm/cmsl12.pfb>
Output written on ex01.pdf (1 page, 10250 bytes).
PDF statistics:
 12 PDF objects out of 1000 (max. 8388607)
 0 named destinations out of 1000 (max. 500000)
 7 words of extra memory for PDF output out of 10000 (max. 10000000)

