This is pdfTeX, Version 3.14159265-2.6-1.40.15 (TeX Live 2014) (preloaded format=mptopdf 2015.4.11)  5 JUN 2015 17:31
 restricted \write18 enabled.
 %&-line parsing enabled.
**\relax ex02.82
 (./ex02.82{/usr/local/texlive/2014/texmf-var/fonts/map/pdftex/updmap/pdftex.ma
p}) [1] 
Here is how much of TeX's memory you used:
 39 strings out of 496714
 335 string characters out of 6201117
 4019816 words of memory out of 9005023
 1691 multiletter control sequences out of 15000+600000
 2163 words of font info for 2 fonts, out of 8000000 for 9000
 0 hyphenation exceptions out of 8191
 10i,3n,7p,109b,241s stack positions out of 5000i,500n,10000p,200000b,80000s
{/usr/local/texlive/2014/texmf-dist/fonts/enc/dvips/base/8r.enc}</usr/lo
cal/texlive/2014/texmf-dist/fonts/type1/urw/times/utmr8a.pfb>
Output written on ex02.pdf (1 page, 12990 bytes).
PDF statistics:
 13 PDF objects out of 1000 (max. 8388607)
 0 named destinations out of 1000 (max. 500000)
 7 words of extra memory for PDF output out of 10000 (max. 10000000)

